Loading story assets…
Loading existing world map from world.json…

╔══════════════════════════════════════════════════════╗
║     THE BLACKWOOD MANOR MYSTERY — Investigation      ║
║     Type your action.  /save  /load  /look  /quit   ║
╚══════════════════════════════════════════════════════╝


──────────────────────────────────────────────────────
  The Study
──────────────────────────────────────────────────────
  The study is a sanctuary of dark oak panels, where the only illumination comes from a single candelabra flickering against the persistent drumming of autumn rain on the leaded windows. A rich scent of aged leather and extinguished pipe tobacco hangs heavy in the air, casting long, dancing shadows that seem to cling to the room's silent, watchful corners.
  Evidence visible: EV-01, EV-02, EV-04, EV-07, EV-08
  Exits: The Library


> 
[Hint] Next beat: The Witness Fails to Appear — The Study

> 
Arthur's gaze lingered on the mahogany expanse, where Sir Alistair's limp hand rested near a heavy silver brandy flask, its cap unscrewed, a telling white residue clinging to its rim. Beneath the desk's sharp corner, a small scrap of green silk ribbon, unmistakably from a masquerade costume, had snagged as if in a frantic retreat. These grim details presented themselves with stark clarity, inviting closer scrutiny of the room and its silent occupant.

> 
[Hint] Next beat: A Room Disturbed — The Study

> 
Arthur's desperate action against the old gas lamp resulted in a searing blast of heat and light. Flames immediately climbed the heavy drapes, their rich velvet igniting with a frantic hiss, and within moments, the study was a suffocating swirl of smoke and orange glow. A shower of sparks and falling debris from the ruined fixture now partially blocked the doorway, while the pungent smell of burning fabric and wood overwhelmed the faint scent of old paper. The grim reckoning seemed to have acquired a fiery new dimension; what should Arthur do amidst this sudden chaos?

> 
[Hint] Next beat: The Silent Demise — Sir Alistair's Study

> Farewell.
